The system is: Windows - 10.0.19045 - AMD64
Compiling the C compiler identification source file "CMakeCCompilerId.c" succeeded.
Compiler:  
Build flags: 
Id flags:  

The output was:
0
MSBuild version 17.4.1+9a89d02ff for .NET Framework
Build started 03/08/2023 18:05:53.
Project "C:\Users\Syl\Documents\Dev\JUCE\extras\Projucer\build\CMakeFiles\3.22.1\CompilerIdC\CompilerIdC.vcxproj" on node 1 (default targets).
PrepareForBuild:
  Creating directory "Debug\".
  Creating directory "Debug\CompilerIdC.tlog\".
InitializeBuildStatus:
  Creating "Debug\CompilerIdC.tlog\unsuccessfulbuild" because "AlwaysCreate" was specified.
VcpkgTripletSelection:
  Using triplet "x64-windows" from "C:\Users\Syl\Documents\libs\vcpkg\scripts\buildsystems\msbuild\..\..\..\installed\x64-windows\"
ClCompile:
  C:\Program Files\Microsoft Visual Studio\2022\Community\VC\Tools\MSVC\14.34.31933\bin\HostX64\x64\CL.exe /c /I"C:\Users\Syl\Documents\libs\vcpkg\scripts\buildsystems\msbuild\..\..\..\installed\x64-windows\include" /nologo /W0 /WX- /diagnostics:column /Od /D _MBCS /Gm- /EHsc /RTC1 /MDd /GS /fp:precise /Zc:wchar_t /Zc:forScope /Zc:inline /Fo"Debug\\" /Fd"Debug\vc143.pdb" /external:W0 /Gd /TC /FC /errorReport:queue CMakeCCompilerId.c
  CMakeCCompilerId.c
Link:
  C:\Program Files\Microsoft Visual Studio\2022\Community\VC\Tools\MSVC\14.34.31933\bin\HostX64\x64\link.exe /ERRORREPORT:QUEUE /OUT:".\CompilerIdC.exe" /INCREMENTAL:NO /NOLOGO /LIBPATH:"C:\Users\Syl\Documents\libs\vcpkg\scripts\buildsystems\msbuild\..\..\..\installed\x64-windows\debug\lib" /LIBPATH:"C:\Users\Syl\Documents\libs\vcpkg\scripts\buildsystems\msbuild\..\..\..\installed\x64-windows\debug\lib\manual-link" kernel32.lib user32.lib gdi32.lib winspool.lib comdlg32.lib advapi32.lib shell32.lib ole32.lib oleaut32.lib uuid.lib odbc32.lib odbccp32.lib "C:\Users\Syl\Documents\libs\vcpkg\scripts\buildsystems\msbuild\..\..\..\installed\x64-windows\debug\lib\*.lib" /MANIFEST /MANIFESTUAC:"level='asInvoker' uiAccess='false'" /manifest:embed /PDB:".\CompilerIdC.pdb" /SUBSYSTEM:CONSOLE /TLBID:1 /DYNAMICBASE /NXCOMPAT /IMPLIB:".\CompilerIdC.lib" /MACHINE:X64 Debug\CMakeCCompilerId.obj
  CompilerIdC.vcxproj -> C:\Users\Syl\Documents\Dev\JUCE\extras\Projucer\build\CMakeFiles\3.22.1\CompilerIdC\CompilerIdC.exe
AppLocalFromInstalled:
  pwsh.exe -ExecutionPolicy Bypass -noprofile -File "C:\Users\Syl\Documents\libs\vcpkg\scripts\buildsystems\msbuild\applocal.ps1" "C:\Users\Syl\Documents\Dev\JUCE\extras\Projucer\build\CMakeFiles\3.22.1\CompilerIdC\CompilerIdC.exe" "C:\Users\Syl\Documents\libs\vcpkg\scripts\buildsystems\msbuild\..\..\..\installed\x64-windows\debug\bin" "Debug\CompilerIdC.tlog\CompilerIdC.write.1u.tlog" "Debug\vcpkg.applocal.log"
  Failed to load the dll from [C:\Program Files\WindowsApps\Microsoft.PowerShell_7.3.6.0_x64__8wekyb3d8bbwe\hostfxr.dll], HRESULT: 0x80070005
  The library hostfxr.dll was found, but loading it from C:\Program Files\WindowsApps\Microsoft.PowerShell_7.3.6.0_x64__8wekyb3d8bbwe\hostfxr.dll failed
    - Installing .NET prerequisites might help resolve this problem.
       https://go.microsoft.com/fwlink/?linkid=798306
  The command "pwsh.exe -ExecutionPolicy Bypass -noprofile -File "C:\Users\Syl\Documents\libs\vcpkg\scripts\buildsystems\msbuild\applocal.ps1" "C:\Users\Syl\Documents\Dev\JUCE\extras\Projucer\build\CMakeFiles\3.22.1\CompilerIdC\CompilerIdC.exe" "C:\Users\Syl\Documents\libs\vcpkg\scripts\buildsystems\msbuild\..\..\..\installed\x64-windows\debug\bin" "Debug\CompilerIdC.tlog\CompilerIdC.write.1u.tlog" "Debug\vcpkg.applocal.log"" exited with code -2147450750.
C:\Users\Syl\Documents\libs\vcpkg\scripts\buildsystems\msbuild\vcpkg.targets(147,5): warning : [vcpkg] Failed to gather app local DLL dependencies, program may not run. Set VcpkgApplocalDeps to false in your project file to suppress this warning. PowerShell arguments: -ExecutionPolicy Bypass -noprofile -File "C:\Users\Syl\Documents\libs\vcpkg\scripts\buildsystems\msbuild\applocal.ps1" "C:\Users\Syl\Documents\Dev\JUCE\extras\Projucer\build\CMakeFiles\3.22.1\CompilerIdC\CompilerIdC.exe" "C:\Users\Syl\Documents\libs\vcpkg\scripts\buildsystems\msbuild\..\..\..\installed\x64-windows\debug\bin" "Debug\CompilerIdC.tlog\CompilerIdC.write.1u.tlog" "Debug\vcpkg.applocal.log" [C:\Users\Syl\Documents\Dev\JUCE\extras\Projucer\build\CMakeFiles\3.22.1\CompilerIdC\CompilerIdC.vcxproj]
PostBuildEvent:
  for %%i in (cl.exe) do @echo CMAKE_C_COMPILER=%%~$PATH:i
  :VCEnd
  CMAKE_C_COMPILER=C:\Program Files\Microsoft Visual Studio\2022\Community\VC\Tools\MSVC\14.34.31933\bin\Hostx64\x64\cl.exe
FinalizeBuildStatus:
  Deleting file "Debug\CompilerIdC.tlog\unsuccessfulbuild".
  Touching "Debug\CompilerIdC.tlog\CompilerIdC.lastbuildstate".
Done Building Project "C:\Users\Syl\Documents\Dev\JUCE\extras\Projucer\build\CMakeFiles\3.22.1\CompilerIdC\CompilerIdC.vcxproj" (default targets).

Build succeeded.

"C:\Users\Syl\Documents\Dev\JUCE\extras\Projucer\build\CMakeFiles\3.22.1\CompilerIdC\CompilerIdC.vcxproj" (default target) (1) ->
(AppLocalFromInstalled target) -> 
  C:\Users\Syl\Documents\libs\vcpkg\scripts\buildsystems\msbuild\vcpkg.targets(147,5): warning : [vcpkg] Failed to gather app local DLL dependencies, program may not run. Set VcpkgApplocalDeps to false in your project file to suppress this warning. PowerShell arguments: -ExecutionPolicy Bypass -noprofile -File "C:\Users\Syl\Documents\libs\vcpkg\scripts\buildsystems\msbuild\applocal.ps1" "C:\Users\Syl\Documents\Dev\JUCE\extras\Projucer\build\CMakeFiles\3.22.1\CompilerIdC\CompilerIdC.exe" "C:\Users\Syl\Documents\libs\vcpkg\scripts\buildsystems\msbuild\..\..\..\installed\x64-windows\debug\bin" "Debug\CompilerIdC.tlog\CompilerIdC.write.1u.tlog" "Debug\vcpkg.applocal.log" [C:\Users\Syl\Documents\Dev\JUCE\extras\Projucer\build\CMakeFiles\3.22.1\CompilerIdC\CompilerIdC.vcxproj]

    1 Warning(s)
    0 Error(s)

Time Elapsed 00:00:01.81


Compilation of the C compiler identification source "CMakeCCompilerId.c" produced "CompilerIdC.exe"

Compilation of the C compiler identification source "CMakeCCompilerId.c" produced "CompilerIdC.vcxproj"

The C compiler identification is MSVC, found in "C:/Users/Syl/Documents/Dev/JUCE/extras/Projucer/build/CMakeFiles/3.22.1/CompilerIdC/CompilerIdC.exe"

Compiling the CXX compiler identification source file "CMakeCXXCompilerId.cpp" succeeded.
Compiler:  
Build flags: 
Id flags:  

The output was:
0
MSBuild version 17.4.1+9a89d02ff for .NET Framework
Build started 03/08/2023 18:05:55.
Project "C:\Users\Syl\Documents\Dev\JUCE\extras\Projucer\build\CMakeFiles\3.22.1\CompilerIdCXX\CompilerIdCXX.vcxproj" on node 1 (default targets).
PrepareForBuild:
  Creating directory "Debug\".
  Creating directory "Debug\CompilerIdCXX.tlog\".
InitializeBuildStatus:
  Creating "Debug\CompilerIdCXX.tlog\unsuccessfulbuild" because "AlwaysCreate" was specified.
VcpkgTripletSelection:
  Using triplet "x64-windows" from "C:\Users\Syl\Documents\libs\vcpkg\scripts\buildsystems\msbuild\..\..\..\installed\x64-windows\"
ClCompile:
  C:\Program Files\Microsoft Visual Studio\2022\Community\VC\Tools\MSVC\14.34.31933\bin\HostX64\x64\CL.exe /c /I"C:\Users\Syl\Documents\libs\vcpkg\scripts\buildsystems\msbuild\..\..\..\installed\x64-windows\include" /nologo /W0 /WX- /diagnostics:column /Od /D _MBCS /Gm- /EHsc /RTC1 /MDd /GS /fp:precise /Zc:wchar_t /Zc:forScope /Zc:inline /Fo"Debug\\" /Fd"Debug\vc143.pdb" /external:W0 /Gd /TP /FC /errorReport:queue CMakeCXXCompilerId.cpp
  CMakeCXXCompilerId.cpp
Link:
  C:\Program Files\Microsoft Visual Studio\2022\Community\VC\Tools\MSVC\14.34.31933\bin\HostX64\x64\link.exe /ERRORREPORT:QUEUE /OUT:".\CompilerIdCXX.exe" /INCREMENTAL:NO /NOLOGO /LIBPATH:"C:\Users\Syl\Documents\libs\vcpkg\scripts\buildsystems\msbuild\..\..\..\installed\x64-windows\debug\lib" /LIBPATH:"C:\Users\Syl\Documents\libs\vcpkg\scripts\buildsystems\msbuild\..\..\..\installed\x64-windows\debug\lib\manual-link" kernel32.lib user32.lib gdi32.lib winspool.lib comdlg32.lib advapi32.lib shell32.lib ole32.lib oleaut32.lib uuid.lib odbc32.lib odbccp32.lib "C:\Users\Syl\Documents\libs\vcpkg\scripts\buildsystems\msbuild\..\..\..\installed\x64-windows\debug\lib\*.lib" /MANIFEST /MANIFESTUAC:"level='asInvoker' uiAccess='false'" /manifest:embed /PDB:".\CompilerIdCXX.pdb" /SUBSYSTEM:CONSOLE /TLBID:1 /DYNAMICBASE /NXCOMPAT /IMPLIB:".\CompilerIdCXX.lib" /MACHINE:X64 Debug\CMakeCXXCompilerId.obj
  CompilerIdCXX.vcxproj -> C:\Users\Syl\Documents\Dev\JUCE\extras\Projucer\build\CMakeFiles\3.22.1\CompilerIdCXX\CompilerIdCXX.exe
AppLocalFromInstalled:
  pwsh.exe -ExecutionPolicy Bypass -noprofile -File "C:\Users\Syl\Documents\libs\vcpkg\scripts\buildsystems\msbuild\applocal.ps1" "C:\Users\Syl\Documents\Dev\JUCE\extras\Projucer\build\CMakeFiles\3.22.1\CompilerIdCXX\CompilerIdCXX.exe" "C:\Users\Syl\Documents\libs\vcpkg\scripts\buildsystems\msbuild\..\..\..\installed\x64-windows\debug\bin" "Debug\CompilerIdCXX.tlog\CompilerIdCXX.write.1u.tlog" "Debug\vcpkg.applocal.log"
  Failed to load the dll from [C:\Program Files\WindowsApps\Microsoft.PowerShell_7.3.6.0_x64__8wekyb3d8bbwe\hostfxr.dll], HRESULT: 0x80070005
  The library hostfxr.dll was found, but loading it from C:\Program Files\WindowsApps\Microsoft.PowerShell_7.3.6.0_x64__8wekyb3d8bbwe\hostfxr.dll failed
    - Installing .NET prerequisites might help resolve this problem.
       https://go.microsoft.com/fwlink/?linkid=798306
  The command "pwsh.exe -ExecutionPolicy Bypass -noprofile -File "C:\Users\Syl\Documents\libs\vcpkg\scripts\buildsystems\msbuild\applocal.ps1" "C:\Users\Syl\Documents\Dev\JUCE\extras\Projucer\build\CMakeFiles\3.22.1\CompilerIdCXX\CompilerIdCXX.exe" "C:\Users\Syl\Documents\libs\vcpkg\scripts\buildsystems\msbuild\..\..\..\installed\x64-windows\debug\bin" "Debug\CompilerIdCXX.tlog\CompilerIdCXX.write.1u.tlog" "Debug\vcpkg.applocal.log"" exited with code -2147450750.
C:\Users\Syl\Documents\libs\vcpkg\scripts\buildsystems\msbuild\vcpkg.targets(147,5): warning : [vcpkg] Failed to gather app local DLL dependencies, program may not run. Set VcpkgApplocalDeps to false in your project file to suppress this warning. PowerShell arguments: -ExecutionPolicy Bypass -noprofile -File "C:\Users\Syl\Documents\libs\vcpkg\scripts\buildsystems\msbuild\applocal.ps1" "C:\Users\Syl\Documents\Dev\JUCE\extras\Projucer\build\CMakeFiles\3.22.1\CompilerIdCXX\CompilerIdCXX.exe" "C:\Users\Syl\Documents\libs\vcpkg\scripts\buildsystems\msbuild\..\..\..\installed\x64-windows\debug\bin" "Debug\CompilerIdCXX.tlog\CompilerIdCXX.write.1u.tlog" "Debug\vcpkg.applocal.log" [C:\Users\Syl\Documents\Dev\JUCE\extras\Projucer\build\CMakeFiles\3.22.1\CompilerIdCXX\CompilerIdCXX.vcxproj]
PostBuildEvent:
  for %%i in (cl.exe) do @echo CMAKE_CXX_COMPILER=%%~$PATH:i
  :VCEnd
  CMAKE_CXX_COMPILER=C:\Program Files\Microsoft Visual Studio\2022\Community\VC\Tools\MSVC\14.34.31933\bin\Hostx64\x64\cl.exe
FinalizeBuildStatus:
  Deleting file "Debug\CompilerIdCXX.tlog\unsuccessfulbuild".
  Touching "Debug\CompilerIdCXX.tlog\CompilerIdCXX.lastbuildstate".
Done Building Project "C:\Users\Syl\Documents\Dev\JUCE\extras\Projucer\build\CMakeFiles\3.22.1\CompilerIdCXX\CompilerIdCXX.vcxproj" (default targets).

Build succeeded.

"C:\Users\Syl\Documents\Dev\JUCE\extras\Projucer\build\CMakeFiles\3.22.1\CompilerIdCXX\CompilerIdCXX.vcxproj" (default target) (1) ->
(AppLocalFromInstalled target) -> 
  C:\Users\Syl\Documents\libs\vcpkg\scripts\buildsystems\msbuild\vcpkg.targets(147,5): warning : [vcpkg] Failed to gather app local DLL dependencies, program may not run. Set VcpkgApplocalDeps to false in your project file to suppress this warning. PowerShell arguments: -ExecutionPolicy Bypass -noprofile -File "C:\Users\Syl\Documents\libs\vcpkg\scripts\buildsystems\msbuild\applocal.ps1" "C:\Users\Syl\Documents\Dev\JUCE\extras\Projucer\build\CMakeFiles\3.22.1\CompilerIdCXX\CompilerIdCXX.exe" "C:\Users\Syl\Documents\libs\vcpkg\scripts\buildsystems\msbuild\..\..\..\installed\x64-windows\debug\bin" "Debug\CompilerIdCXX.tlog\CompilerIdCXX.write.1u.tlog" "Debug\vcpkg.applocal.log" [C:\Users\Syl\Documents\Dev\JUCE\extras\Projucer\build\CMakeFiles\3.22.1\CompilerIdCXX\CompilerIdCXX.vcxproj]

    1 Warning(s)
    0 Error(s)

Time Elapsed 00:00:01.60


Compilation of the CXX compiler identification source "CMakeCXXCompilerId.cpp" produced "CompilerIdCXX.exe"

Compilation of the CXX compiler identification source "CMakeCXXCompilerId.cpp" produced "CompilerIdCXX.vcxproj"

The CXX compiler identification is MSVC, found in "C:/Users/Syl/Documents/Dev/JUCE/extras/Projucer/build/CMakeFiles/3.22.1/CompilerIdCXX/CompilerIdCXX.exe"

Detecting C compiler ABI info compiled with the following output:
Change Dir: C:/Users/Syl/Documents/Dev/JUCE/extras/Projucer/build/CMakeFiles/CMakeTmp

Run Build Command(s):C:/Program Files/Microsoft Visual Studio/2022/Community/MSBuild/Current/Bin/amd64/MSBuild.exe cmTC_dbf59.vcxproj /p:Configuration=Debug /p:Platform=x64 /p:VisualStudioVersion=17.0 /v:m && MSBuild version 17.4.1+9a89d02ff for .NET Framework
  Microsoft (R) C/C++ Optimizing Compiler Version 19.34.31937 for x64
  Copyright (C) Microsoft Corporation.  All rights reserved.
  CMakeCCompilerABI.c
  cl /c /I"C:\Users\Syl\Documents\libs\vcpkg\scripts\buildsystems\msbuild\..\..\..\installed\x64-windows\include" /Zi /W3 /WX- /diagnostics:column /Od /Ob0 /D _MBCS /D WIN32 /D _WINDOWS /D "CMAKE_INTDIR=\"Debug\"" /Gm- /RTC1 /MDd /GS /fp:precise /Zc:wchar_t /Zc:forScope /Zc:inline /Fo"cmTC_dbf59.dir\Debug\\" /Fd"cmTC_dbf59.dir\Debug\vc143.pdb" /external:W3 /Gd /TC /errorReport:queue "C:\Users\Syl\miniconda3\Library\share\cmake-3.22\Modules\CMakeCCompilerABI.c"
  cmTC_dbf59.vcxproj -> C:\Users\Syl\Documents\Dev\JUCE\extras\Projucer\build\CMakeFiles\CMakeTmp\Debug\cmTC_dbf59.exe
C:\Users\Syl\Documents\libs\vcpkg\scripts\buildsystems\msbuild\vcpkg.targets(147,5): warning : [vcpkg] Failed to gather app local DLL dependencies, program may not run. Set VcpkgApplocalDeps to false in your project file to suppress this warning. PowerShell arguments: -ExecutionPolicy Bypass -noprofile -File "C:\Users\Syl\Documents\libs\vcpkg\scripts\buildsystems\msbuild\applocal.ps1" "C:\Users\Syl\Documents\Dev\JUCE\extras\Projucer\build\CMakeFiles\CMakeTmp\Debug\cmTC_dbf59.exe" "C:\Users\Syl\Documents\libs\vcpkg\scripts\buildsystems\msbuild\..\..\..\installed\x64-windows\debug\bin" "cmTC_dbf59.dir\Debug\cmTC_dbf59.tlog\cmTC_dbf59.write.1u.tlog" "cmTC_dbf59.dir\Debug\vcpkg.applocal.log" [C:\Users\Syl\Documents\Dev\JUCE\extras\Projucer\build\CMakeFiles\CMakeTmp\cmTC_dbf59.vcxproj]



Detecting CXX compiler ABI info compiled with the following output:
Change Dir: C:/Users/Syl/Documents/Dev/JUCE/extras/Projucer/build/CMakeFiles/CMakeTmp

Run Build Command(s):C:/Program Files/Microsoft Visual Studio/2022/Community/MSBuild/Current/Bin/amd64/MSBuild.exe cmTC_136f6.vcxproj /p:Configuration=Debug /p:Platform=x64 /p:VisualStudioVersion=17.0 /v:m && MSBuild version 17.4.1+9a89d02ff for .NET Framework
  Microsoft (R) C/C++ Optimizing Compiler Version 19.34.31937 for x64
  Copyright (C) Microsoft Corporation.  All rights reserved.
  CMakeCXXCompilerABI.cpp
  cl /c /I"C:\Users\Syl\Documents\libs\vcpkg\scripts\buildsystems\msbuild\..\..\..\installed\x64-windows\include" /Zi /W3 /WX- /diagnostics:column /Od /Ob0 /D _MBCS /D WIN32 /D _WINDOWS /D "CMAKE_INTDIR=\"Debug\"" /Gm- /EHsc /RTC1 /MDd /GS /fp:precise /Zc:wchar_t /Zc:forScope /Zc:inline /GR /Fo"cmTC_136f6.dir\Debug\\" /Fd"cmTC_136f6.dir\Debug\vc143.pdb" /external:W3 /Gd /TP /errorReport:queue "C:\Users\Syl\miniconda3\Library\share\cmake-3.22\Modules\CMakeCXXCompilerABI.cpp"
  cmTC_136f6.vcxproj -> C:\Users\Syl\Documents\Dev\JUCE\extras\Projucer\build\CMakeFiles\CMakeTmp\Debug\cmTC_136f6.exe
C:\Users\Syl\Documents\libs\vcpkg\scripts\buildsystems\msbuild\vcpkg.targets(147,5): warning : [vcpkg] Failed to gather app local DLL dependencies, program may not run. Set VcpkgApplocalDeps to false in your project file to suppress this warning. PowerShell arguments: -ExecutionPolicy Bypass -noprofile -File "C:\Users\Syl\Documents\libs\vcpkg\scripts\buildsystems\msbuild\applocal.ps1" "C:\Users\Syl\Documents\Dev\JUCE\extras\Projucer\build\CMakeFiles\CMakeTmp\Debug\cmTC_136f6.exe" "C:\Users\Syl\Documents\libs\vcpkg\scripts\buildsystems\msbuild\..\..\..\installed\x64-windows\debug\bin" "cmTC_136f6.dir\Debug\cmTC_136f6.tlog\cmTC_136f6.write.1u.tlog" "cmTC_136f6.dir\Debug\vcpkg.applocal.log" [C:\Users\Syl\Documents\Dev\JUCE\extras\Projucer\build\CMakeFiles\CMakeTmp\cmTC_136f6.vcxproj]



